

Started GET "/" for 127.0.0.1 at 2014-06-17 10:58:52 -0700
Processing by Rails::WelcomeController#index as HTML
  Rendered /var/lib/gems/1.9.1/gems/railties-4.1.1/lib/rails/templates/rails/welcome/index.html.erb (2.0ms)
Completed 200 OK in 37ms (Views: 22.8ms | ActiveRecord: 0.0ms)


Started GET "/" for 10.118.224.95 at 2014-06-17 10:59:07 -0700
Processing by Rails::WelcomeController#index as HTML
  Rendered /var/lib/gems/1.9.1/gems/railties-4.1.1/lib/rails/templates/rails/welcome/index.html.erb (0.0ms)
Completed 200 OK in 2ms (Views: 0.9ms | ActiveRecord: 0.0ms)


Started GET "/" for 10.118.224.50 at 2014-06-17 11:00:33 -0700
Processing by Rails::WelcomeController#index as HTML
  Rendered /var/lib/gems/1.9.1/gems/railties-4.1.1/lib/rails/templates/rails/welcome/index.html.erb (0.0ms)
Completed 200 OK in 1ms (Views: 0.5ms | ActiveRecord: 0.0ms)


Started GET "/rails/info/properties" for 10.118.224.50 at 2014-06-17 11:00:50 -0700
Processing by Rails::InfoController#properties as */*
  Rendered /var/lib/gems/1.9.1/gems/railties-4.1.1/lib/rails/templates/rails/info/properties.html.erb (0.3ms)
Completed 200 OK in 63ms (Views: 4.9ms | ActiveRecord: 1.0ms)


Started GET "/" for 10.118.224.50 at 2014-06-17 11:05:29 -0700
Processing by Rails::WelcomeController#index as HTML
  Rendered /var/lib/gems/1.9.1/gems/railties-4.1.1/lib/rails/templates/rails/welcome/index.html.erb (0.0ms)
Completed 200 OK in 1ms (Views: 0.6ms | ActiveRecord: 0.0ms)
